2017-11-21 12:17:14,253 [Worker-4] INFO  c.g.t.t.d.PublishedGradleVersions - Gradle version information cache is up-to-date. Trying to read.
2017-11-27 20:45:49,006 [Worker-4] INFO  c.g.t.t.d.PublishedGradleVersions - Gradle version information cache is out-of-date. Trying to update.
2017-12-12 12:44:44,436 [Worker-3] INFO  c.g.t.t.d.PublishedGradleVersions - Gradle version information cache is out-of-date. Trying to update.
2017-12-12 12:51:06,492 [Worker-7] INFO  c.g.t.t.d.PublishedGradleVersions - Gradle version information cache is up-to-date. Trying to read.
2017-12-14 11:54:32,746 [Worker-2] INFO  c.g.t.t.d.PublishedGradleVersions - Gradle version information cache is up-to-date. Trying to read.
2017-12-14 12:22:04,564 [Worker-18] WARN  o.e.m.c.i.embedder.EclipseLogger - Failure to transfer io.confluent:common:4.1.0-SNAPSHOT/maven-metadata.xml from ${confluent.maven.repo} was cached in the local repository, resolution will not be reattempted until the update interval of confluent has elapsed or updates are forced. Original error: Could not transfer metadata io.confluent:common:4.1.0-SNAPSHOT/maven-metadata.xml from/to confluent (${confluent.maven.repo}): Cannot access ${confluent.maven.repo} with type default using the available connector factories: AetherRepositoryConnectorFactory, BasicRepositoryConnectorFactory
2017-12-14 12:22:05,059 [Worker-18] INFO  o.e.m.c.i.p.ProjectConfigurationManager - Imported and configured 1 project(s) in 0 sec
2017-12-14 12:22:07,206 [Worker-20] WARN  o.e.m.c.i.embedder.EclipseLogger - Failure to transfer io.confluent:common:4.1.0-SNAPSHOT/maven-metadata.xml from ${confluent.maven.repo} was cached in the local repository, resolution will not be reattempted until the update interval of confluent has elapsed or updates are forced. Original error: Could not transfer metadata io.confluent:common:4.1.0-SNAPSHOT/maven-metadata.xml from/to confluent (${confluent.maven.repo}): Cannot access ${confluent.maven.repo} with type default using the available connector factories: AetherRepositoryConnectorFactory, BasicRepositoryConnectorFactory
2017-12-14 12:22:12,557 [Worker-18] WARN  o.e.m.c.i.embedder.EclipseLogger - Failure to transfer io.confluent:common:4.1.0-SNAPSHOT/maven-metadata.xml from ${confluent.maven.repo} was cached in the local repository, resolution will not be reattempted until the update interval of confluent has elapsed or updates are forced. Original error: Could not transfer metadata io.confluent:common:4.1.0-SNAPSHOT/maven-metadata.xml from/to confluent (${confluent.maven.repo}): Cannot access ${confluent.maven.repo} with type default using the available connector factories: AetherRepositoryConnectorFactory, BasicRepositoryConnectorFactory
2017-12-14 12:22:12,579 [Worker-18] ERROR o.e.m.c.i.p.r.ProjectRegistryManager - Failed to read Maven project: 1 problem was encountered while building the effective model for io.confluent:kafka-connect-jdbc:[unknown-version]
[FATAL] Non-resolvable parent POM for io.confluent:kafka-connect-jdbc:[unknown-version]: Failure to transfer io.confluent:common:pom:4.1.0-SNAPSHOT from ${confluent.maven.repo} was cached in the local repository, resolution will not be reattempted until the update interval of confluent has elapsed or updates are forced. Original error: Could not transfer artifact io.confluent:common:pom:4.1.0-SNAPSHOT from/to confluent (${confluent.maven.repo}): Cannot access ${confluent.maven.repo} with type default using the available connector factories: AetherRepositoryConnectorFactory, BasicRepositoryConnectorFactory and 'parent.relativePath' points at wrong local POM @ line 23, column 13
 for project io.confluent:kafka-connect-jdbc:[unknown-version] at /home/suraj/Documents/Suraj/kafka-connect-jdbc/pom.xml
org.apache.maven.project.ProjectBuildingException: 1 problem was encountered while building the effective model for io.confluent:kafka-connect-jdbc:[unknown-version]
[FATAL] Non-resolvable parent POM for io.confluent:kafka-connect-jdbc:[unknown-version]: Failure to transfer io.confluent:common:pom:4.1.0-SNAPSHOT from ${confluent.maven.repo} was cached in the local repository, resolution will not be reattempted until the update interval of confluent has elapsed or updates are forced. Original error: Could not transfer artifact io.confluent:common:pom:4.1.0-SNAPSHOT from/to confluent (${confluent.maven.repo}): Cannot access ${confluent.maven.repo} with type default using the available connector factories: AetherRepositoryConnectorFactory, BasicRepositoryConnectorFactory and 'parent.relativePath' points at wrong local POM @ line 23, column 13
 for project io.confluent:kafka-connect-jdbc:[unknown-version] at /home/suraj/Documents/Suraj/kafka-connect-jdbc/pom.xml
	at org.apache.maven.project.DefaultProjectBuilder.build(DefaultProjectBuilder.java:168) ~[maven-core-3.3.9.jar:3.3.9]
	at org.apache.maven.project.DefaultProjectBuilder.build(DefaultProjectBuilder.java:119) ~[maven-core-3.3.9.jar:3.3.9]
	at org.eclipse.m2e.core.internal.embedder.MavenImpl.readMavenProject(MavenImpl.java:636) ~[org.eclipse.m2e.core_1.8.2.20171007-0217.jar:na]
	at org.eclipse.m2e.core.internal.project.registry.ProjectRegistryManager$5.call(ProjectRegistryManager.java:816) ~[org.eclipse.m2e.core_1.8.2.20171007-0217.jar:na]
	at org.eclipse.m2e.core.internal.project.registry.ProjectRegistryManager$5.call(ProjectRegistryManager.java:1) ~[org.eclipse.m2e.core_1.8.2.20171007-0217.jar:na]
	at org.eclipse.m2e.core.internal.embedder.MavenExecutionContext.executeBare(MavenExecutionContext.java:177) ~[org.eclipse.m2e.core_1.8.2.20171007-0217.jar:na]
	at org.eclipse.m2e.core.internal.embedder.MavenExecutionContext.execute(MavenExecutionContext.java:151) ~[org.eclipse.m2e.core_1.8.2.20171007-0217.jar:na]
	at org.eclipse.m2e.core.internal.embedder.MavenExecutionContext.execute(MavenExecutionContext.java:99) ~[org.eclipse.m2e.core_1.8.2.20171007-0217.jar:na]
	at org.eclipse.m2e.core.internal.project.registry.ProjectRegistryManager.execute(ProjectRegistryManager.java:967) ~[org.eclipse.m2e.core_1.8.2.20171007-0217.jar:na]
	at org.eclipse.m2e.core.internal.project.registry.ProjectRegistryManager.readProjectWithDependencies(ProjectRegistryManager.java:811) ~[org.eclipse.m2e.core_1.8.2.20171007-0217.jar:na]
	at org.eclipse.m2e.core.internal.project.registry.ProjectRegistryManager.create(ProjectRegistryManager.java:192) ~[org.eclipse.m2e.core_1.8.2.20171007-0217.jar:na]
	at org.eclipse.m2e.core.internal.project.registry.MavenProjectManager.create(MavenProjectManager.java:80) [org.eclipse.m2e.core_1.8.2.20171007-0217.jar:na]
	at org.eclipse.m2e.core.ui.internal.actions.SelectionUtil.getMavenProject(SelectionUtil.java:259) [org.eclipse.m2e.core.ui_1.8.2.20171007-0217.jar:na]
	at org.eclipse.m2e.editor.pom.MavenPomEditor.readMavenProject(MavenPomEditor.java:742) [org.eclipse.m2e.editor_1.8.2.20171007-0217.jar:na]
	at org.eclipse.m2e.editor.pom.MavenPomEditor$5.run(MavenPomEditor.java:1077) [org.eclipse.m2e.editor_1.8.2.20171007-0217.jar:na]
	at org.eclipse.core.internal.jobs.Worker.run(Worker.java:56) [org.eclipse.core.jobs_3.9.1.v20170714-0547.jar:na]
Caused by: org.apache.maven.model.building.ModelBuildingException: 1 problem was encountered while building the effective model for io.confluent:kafka-connect-jdbc:[unknown-version]
[FATAL] Non-resolvable parent POM for io.confluent:kafka-connect-jdbc:[unknown-version]: Failure to transfer io.confluent:common:pom:4.1.0-SNAPSHOT from ${confluent.maven.repo} was cached in the local repository, resolution will not be reattempted until the update interval of confluent has elapsed or updates are forced. Original error: Could not transfer artifact io.confluent:common:pom:4.1.0-SNAPSHOT from/to confluent (${confluent.maven.repo}): Cannot access ${confluent.maven.repo} with type default using the available connector factories: AetherRepositoryConnectorFactory, BasicRepositoryConnectorFactory and 'parent.relativePath' points at wrong local POM @ line 23, column 13

	at org.apache.maven.model.building.DefaultModelProblemCollector.newModelBuildingException(DefaultModelProblemCollector.java:197) ~[maven-model-builder-3.3.9.jar:3.3.9]
	at org.apache.maven.model.building.DefaultModelBuilder.readParentExternally(DefaultModelBuilder.java:1029) ~[maven-model-builder-3.3.9.jar:3.3.9]
	at org.apache.maven.model.building.DefaultModelBuilder.readParent(DefaultModelBuilder.java:800) ~[maven-model-builder-3.3.9.jar:3.3.9]
	at org.apache.maven.model.building.DefaultModelBuilder.build(DefaultModelBuilder.java:329) ~[maven-model-builder-3.3.9.jar:3.3.9]
	at org.apache.maven.project.DefaultProjectBuilder.build(DefaultProjectBuilder.java:161) ~[maven-core-3.3.9.jar:3.3.9]
	... 15 common frames omitted
2017-12-14 12:25:35,783 [Worker-21] WARN  o.e.m.c.i.embedder.EclipseLogger - Failure to transfer io.confluent:common:4.1.0-SNAPSHOT/maven-metadata.xml from ${confluent.maven.repo} was cached in the local repository, resolution will not be reattempted until the update interval of confluent has elapsed or updates are forced. Original error: Could not transfer metadata io.confluent:common:4.1.0-SNAPSHOT/maven-metadata.xml from/to confluent (${confluent.maven.repo}): Cannot access ${confluent.maven.repo} with type default using the available connector factories: AetherRepositoryConnectorFactory, BasicRepositoryConnectorFactory
2017-12-14 12:25:35,785 [Worker-21] ERROR o.e.m.c.i.p.r.ProjectRegistryManager - Failed to read Maven project: 1 problem was encountered while building the effective model for io.confluent:kafka-connect-jdbc:[unknown-version]
[FATAL] Non-resolvable parent POM for io.confluent:kafka-connect-jdbc:[unknown-version]: Failure to transfer io.confluent:common:pom:4.1.0-SNAPSHOT from ${confluent.maven.repo} was cached in the local repository, resolution will not be reattempted until the update interval of confluent has elapsed or updates are forced. Original error: Could not transfer artifact io.confluent:common:pom:4.1.0-SNAPSHOT from/to confluent (${confluent.maven.repo}): Cannot access ${confluent.maven.repo} with type default using the available connector factories: AetherRepositoryConnectorFactory, BasicRepositoryConnectorFactory and 'parent.relativePath' points at wrong local POM @ line 23, column 13
 for project io.confluent:kafka-connect-jdbc:[unknown-version] at /home/suraj/Documents/Suraj/kafka-connect-jdbc/pom.xml
org.apache.maven.project.ProjectBuildingException: 1 problem was encountered while building the effective model for io.confluent:kafka-connect-jdbc:[unknown-version]
[FATAL] Non-resolvable parent POM for io.confluent:kafka-connect-jdbc:[unknown-version]: Failure to transfer io.confluent:common:pom:4.1.0-SNAPSHOT from ${confluent.maven.repo} was cached in the local repository, resolution will not be reattempted until the update interval of confluent has elapsed or updates are forced. Original error: Could not transfer artifact io.confluent:common:pom:4.1.0-SNAPSHOT from/to confluent (${confluent.maven.repo}): Cannot access ${confluent.maven.repo} with type default using the available connector factories: AetherRepositoryConnectorFactory, BasicRepositoryConnectorFactory and 'parent.relativePath' points at wrong local POM @ line 23, column 13
 for project io.confluent:kafka-connect-jdbc:[unknown-version] at /home/suraj/Documents/Suraj/kafka-connect-jdbc/pom.xml
	at org.apache.maven.project.DefaultProjectBuilder.build(DefaultProjectBuilder.java:168) ~[maven-core-3.3.9.jar:3.3.9]
	at org.apache.maven.project.DefaultProjectBuilder.build(DefaultProjectBuilder.java:119) ~[maven-core-3.3.9.jar:3.3.9]
	at org.eclipse.m2e.core.internal.embedder.MavenImpl.readMavenProject(MavenImpl.java:636) ~[org.eclipse.m2e.core_1.8.2.20171007-0217.jar:na]
	at org.eclipse.m2e.core.internal.project.registry.ProjectRegistryManager$5.call(ProjectRegistryManager.java:816) ~[org.eclipse.m2e.core_1.8.2.20171007-0217.jar:na]
	at org.eclipse.m2e.core.internal.project.registry.ProjectRegistryManager$5.call(ProjectRegistryManager.java:1) ~[org.eclipse.m2e.core_1.8.2.20171007-0217.jar:na]
	at org.eclipse.m2e.core.internal.embedder.MavenExecutionContext.executeBare(MavenExecutionContext.java:177) ~[org.eclipse.m2e.core_1.8.2.20171007-0217.jar:na]
	at org.eclipse.m2e.core.internal.embedder.MavenExecutionContext.execute(MavenExecutionContext.java:151) ~[org.eclipse.m2e.core_1.8.2.20171007-0217.jar:na]
	at org.eclipse.m2e.core.internal.embedder.MavenExecutionContext.execute(MavenExecutionContext.java:99) ~[org.eclipse.m2e.core_1.8.2.20171007-0217.jar:na]
	at org.eclipse.m2e.core.internal.project.registry.ProjectRegistryManager.execute(ProjectRegistryManager.java:967) ~[org.eclipse.m2e.core_1.8.2.20171007-0217.jar:na]
	at org.eclipse.m2e.core.internal.project.registry.ProjectRegistryManager.readProjectWithDependencies(ProjectRegistryManager.java:811) ~[org.eclipse.m2e.core_1.8.2.20171007-0217.jar:na]
	at org.eclipse.m2e.core.internal.project.registry.ProjectRegistryManager.create(ProjectRegistryManager.java:192) ~[org.eclipse.m2e.core_1.8.2.20171007-0217.jar:na]
	at org.eclipse.m2e.core.internal.project.registry.MavenProjectManager.create(MavenProjectManager.java:80) [org.eclipse.m2e.core_1.8.2.20171007-0217.jar:na]
	at org.eclipse.m2e.core.ui.internal.actions.SelectionUtil.getMavenProject(SelectionUtil.java:259) [org.eclipse.m2e.core.ui_1.8.2.20171007-0217.jar:na]
	at org.eclipse.m2e.editor.pom.MavenPomEditor.readMavenProject(MavenPomEditor.java:742) [org.eclipse.m2e.editor_1.8.2.20171007-0217.jar:na]
	at org.eclipse.m2e.editor.pom.MavenPomEditor$5.run(MavenPomEditor.java:1077) [org.eclipse.m2e.editor_1.8.2.20171007-0217.jar:na]
	at org.eclipse.core.internal.jobs.Worker.run(Worker.java:56) [org.eclipse.core.jobs_3.9.1.v20170714-0547.jar:na]
Caused by: org.apache.maven.model.building.ModelBuildingException: 1 problem was encountered while building the effective model for io.confluent:kafka-connect-jdbc:[unknown-version]
[FATAL] Non-resolvable parent POM for io.confluent:kafka-connect-jdbc:[unknown-version]: Failure to transfer io.confluent:common:pom:4.1.0-SNAPSHOT from ${confluent.maven.repo} was cached in the local repository, resolution will not be reattempted until the update interval of confluent has elapsed or updates are forced. Original error: Could not transfer artifact io.confluent:common:pom:4.1.0-SNAPSHOT from/to confluent (${confluent.maven.repo}): Cannot access ${confluent.maven.repo} with type default using the available connector factories: AetherRepositoryConnectorFactory, BasicRepositoryConnectorFactory and 'parent.relativePath' points at wrong local POM @ line 23, column 13

	at org.apache.maven.model.building.DefaultModelProblemCollector.newModelBuildingException(DefaultModelProblemCollector.java:197) ~[maven-model-builder-3.3.9.jar:3.3.9]
	at org.apache.maven.model.building.DefaultModelBuilder.readParentExternally(DefaultModelBuilder.java:1029) ~[maven-model-builder-3.3.9.jar:3.3.9]
	at org.apache.maven.model.building.DefaultModelBuilder.readParent(DefaultModelBuilder.java:800) ~[maven-model-builder-3.3.9.jar:3.3.9]
	at org.apache.maven.model.building.DefaultModelBuilder.build(DefaultModelBuilder.java:329) ~[maven-model-builder-3.3.9.jar:3.3.9]
	at org.apache.maven.project.DefaultProjectBuilder.build(DefaultProjectBuilder.java:161) ~[maven-core-3.3.9.jar:3.3.9]
	... 15 common frames omitted
2017-12-14 12:25:35,908 [Worker-20] WARN  o.e.m.c.i.embedder.EclipseLogger - Failure to transfer io.confluent:common:4.1.0-SNAPSHOT/maven-metadata.xml from ${confluent.maven.repo} was cached in the local repository, resolution will not be reattempted until the update interval of confluent has elapsed or updates are forced. Original error: Could not transfer metadata io.confluent:common:4.1.0-SNAPSHOT/maven-metadata.xml from/to confluent (${confluent.maven.repo}): Cannot access ${confluent.maven.repo} with type default using the available connector factories: AetherRepositoryConnectorFactory, BasicRepositoryConnectorFactory
2017-12-14 12:26:11,495 [Worker-22] WARN  o.e.m.c.i.embedder.EclipseLogger - Failure to transfer io.confluent:common:4.1.0-SNAPSHOT/maven-metadata.xml from ${confluent.maven.repo} was cached in the local repository, resolution will not be reattempted until the update interval of confluent has elapsed or updates are forced. Original error: Could not transfer metadata io.confluent:common:4.1.0-SNAPSHOT/maven-metadata.xml from/to confluent (${confluent.maven.repo}): Cannot access ${confluent.maven.repo} with type default using the available connector factories: AetherRepositoryConnectorFactory, BasicRepositoryConnectorFactory
2017-12-14 12:26:11,572 [Worker-22] INFO  o.e.m.c.i.p.ProjectConfigurationManager - Imported and configured 1 project(s) in 0 sec
2017-12-14 12:26:11,860 [Worker-20] WARN  o.e.m.c.i.embedder.EclipseLogger - Failure to transfer io.confluent:common:4.1.0-SNAPSHOT/maven-metadata.xml from ${confluent.maven.repo} was cached in the local repository, resolution will not be reattempted until the update interval of confluent has elapsed or updates are forced. Original error: Could not transfer metadata io.confluent:common:4.1.0-SNAPSHOT/maven-metadata.xml from/to confluent (${confluent.maven.repo}): Cannot access ${confluent.maven.repo} with type default using the available connector factories: AetherRepositoryConnectorFactory, BasicRepositoryConnectorFactory
2017-12-14 12:26:16,568 [Worker-26] WARN  o.e.m.c.i.embedder.EclipseLogger - Failure to transfer io.confluent:common:4.1.0-SNAPSHOT/maven-metadata.xml from ${confluent.maven.repo} was cached in the local repository, resolution will not be reattempted until the update interval of confluent has elapsed or updates are forced. Original error: Could not transfer metadata io.confluent:common:4.1.0-SNAPSHOT/maven-metadata.xml from/to confluent (${confluent.maven.repo}): Cannot access ${confluent.maven.repo} with type default using the available connector factories: AetherRepositoryConnectorFactory, BasicRepositoryConnectorFactory
2017-12-14 12:26:16,570 [Worker-26] ERROR o.e.m.c.i.p.r.ProjectRegistryManager - Failed to read Maven project: 1 problem was encountered while building the effective model for io.confluent:kafka-connect-jdbc:[unknown-version]
[FATAL] Non-resolvable parent POM for io.confluent:kafka-connect-jdbc:[unknown-version]: Failure to transfer io.confluent:common:pom:4.1.0-SNAPSHOT from ${confluent.maven.repo} was cached in the local repository, resolution will not be reattempted until the update interval of confluent has elapsed or updates are forced. Original error: Could not transfer artifact io.confluent:common:pom:4.1.0-SNAPSHOT from/to confluent (${confluent.maven.repo}): Cannot access ${confluent.maven.repo} with type default using the available connector factories: AetherRepositoryConnectorFactory, BasicRepositoryConnectorFactory and 'parent.relativePath' points at wrong local POM @ line 23, column 13
 for project io.confluent:kafka-connect-jdbc:[unknown-version] at /home/suraj/Documents/Suraj/kafka-connect-jdbc/pom.xml
org.apache.maven.project.ProjectBuildingException: 1 problem was encountered while building the effective model for io.confluent:kafka-connect-jdbc:[unknown-version]
[FATAL] Non-resolvable parent POM for io.confluent:kafka-connect-jdbc:[unknown-version]: Failure to transfer io.confluent:common:pom:4.1.0-SNAPSHOT from ${confluent.maven.repo} was cached in the local repository, resolution will not be reattempted until the update interval of confluent has elapsed or updates are forced. Original error: Could not transfer artifact io.confluent:common:pom:4.1.0-SNAPSHOT from/to confluent (${confluent.maven.repo}): Cannot access ${confluent.maven.repo} with type default using the available connector factories: AetherRepositoryConnectorFactory, BasicRepositoryConnectorFactory and 'parent.relativePath' points at wrong local POM @ line 23, column 13
 for project io.confluent:kafka-connect-jdbc:[unknown-version] at /home/suraj/Documents/Suraj/kafka-connect-jdbc/pom.xml
	at org.apache.maven.project.DefaultProjectBuilder.build(DefaultProjectBuilder.java:168) ~[maven-core-3.3.9.jar:3.3.9]
	at org.apache.maven.project.DefaultProjectBuilder.build(DefaultProjectBuilder.java:119) ~[maven-core-3.3.9.jar:3.3.9]
	at org.eclipse.m2e.core.internal.embedder.MavenImpl.readMavenProject(MavenImpl.java:636) ~[org.eclipse.m2e.core_1.8.2.20171007-0217.jar:na]
	at org.eclipse.m2e.core.internal.project.registry.ProjectRegistryManager$5.call(ProjectRegistryManager.java:816) ~[org.eclipse.m2e.core_1.8.2.20171007-0217.jar:na]
	at org.eclipse.m2e.core.internal.project.registry.ProjectRegistryManager$5.call(ProjectRegistryManager.java:1) ~[org.eclipse.m2e.core_1.8.2.20171007-0217.jar:na]
	at org.eclipse.m2e.core.internal.embedder.MavenExecutionContext.executeBare(MavenExecutionContext.java:177) ~[org.eclipse.m2e.core_1.8.2.20171007-0217.jar:na]
	at org.eclipse.m2e.core.internal.embedder.MavenExecutionContext.execute(MavenExecutionContext.java:151) ~[org.eclipse.m2e.core_1.8.2.20171007-0217.jar:na]
	at org.eclipse.m2e.core.internal.embedder.MavenExecutionContext.execute(MavenExecutionContext.java:99) ~[org.eclipse.m2e.core_1.8.2.20171007-0217.jar:na]
	at org.eclipse.m2e.core.internal.project.registry.ProjectRegistryManager.execute(ProjectRegistryManager.java:967) ~[org.eclipse.m2e.core_1.8.2.20171007-0217.jar:na]
	at org.eclipse.m2e.core.internal.project.registry.ProjectRegistryManager.readProjectWithDependencies(ProjectRegistryManager.java:811) ~[org.eclipse.m2e.core_1.8.2.20171007-0217.jar:na]
	at org.eclipse.m2e.core.internal.project.registry.ProjectRegistryManager.create(ProjectRegistryManager.java:192) ~[org.eclipse.m2e.core_1.8.2.20171007-0217.jar:na]
	at org.eclipse.m2e.core.internal.project.registry.MavenProjectManager.create(MavenProjectManager.java:80) [org.eclipse.m2e.core_1.8.2.20171007-0217.jar:na]
	at org.eclipse.m2e.core.ui.internal.actions.SelectionUtil.getMavenProject(SelectionUtil.java:259) [org.eclipse.m2e.core.ui_1.8.2.20171007-0217.jar:na]
	at org.eclipse.m2e.editor.pom.MavenPomEditor.readMavenProject(MavenPomEditor.java:742) [org.eclipse.m2e.editor_1.8.2.20171007-0217.jar:na]
	at org.eclipse.m2e.editor.pom.MavenPomEditor$5.run(MavenPomEditor.java:1077) [org.eclipse.m2e.editor_1.8.2.20171007-0217.jar:na]
	at org.eclipse.core.internal.jobs.Worker.run(Worker.java:56) [org.eclipse.core.jobs_3.9.1.v20170714-0547.jar:na]
Caused by: org.apache.maven.model.building.ModelBuildingException: 1 problem was encountered while building the effective model for io.confluent:kafka-connect-jdbc:[unknown-version]
[FATAL] Non-resolvable parent POM for io.confluent:kafka-connect-jdbc:[unknown-version]: Failure to transfer io.confluent:common:pom:4.1.0-SNAPSHOT from ${confluent.maven.repo} was cached in the local repository, resolution will not be reattempted until the update interval of confluent has elapsed or updates are forced. Original error: Could not transfer artifact io.confluent:common:pom:4.1.0-SNAPSHOT from/to confluent (${confluent.maven.repo}): Cannot access ${confluent.maven.repo} with type default using the available connector factories: AetherRepositoryConnectorFactory, BasicRepositoryConnectorFactory and 'parent.relativePath' points at wrong local POM @ line 23, column 13

	at org.apache.maven.model.building.DefaultModelProblemCollector.newModelBuildingException(DefaultModelProblemCollector.java:197) ~[maven-model-builder-3.3.9.jar:3.3.9]
	at org.apache.maven.model.building.DefaultModelBuilder.readParentExternally(DefaultModelBuilder.java:1029) ~[maven-model-builder-3.3.9.jar:3.3.9]
	at org.apache.maven.model.building.DefaultModelBuilder.readParent(DefaultModelBuilder.java:800) ~[maven-model-builder-3.3.9.jar:3.3.9]
	at org.apache.maven.model.building.DefaultModelBuilder.build(DefaultModelBuilder.java:329) ~[maven-model-builder-3.3.9.jar:3.3.9]
	at org.apache.maven.project.DefaultProjectBuilder.build(DefaultProjectBuilder.java:161) ~[maven-core-3.3.9.jar:3.3.9]
	... 15 common frames omitted
2017-12-14 12:27:00,164 [Worker-24] WARN  o.e.m.c.i.embedder.EclipseLogger - Failure to transfer io.confluent:common:4.1.0-SNAPSHOT/maven-metadata.xml from ${confluent.maven.repo} was cached in the local repository, resolution will not be reattempted until the update interval of confluent has elapsed or updates are forced. Original error: Could not transfer metadata io.confluent:common:4.1.0-SNAPSHOT/maven-metadata.xml from/to confluent (${confluent.maven.repo}): Cannot access ${confluent.maven.repo} with type default using the available connector factories: AetherRepositoryConnectorFactory, BasicRepositoryConnectorFactory
2017-12-14 12:27:00,166 [Worker-24] ERROR o.e.m.c.i.p.r.ProjectRegistryManager - Failed to read Maven project: 1 problem was encountered while building the effective model for io.confluent:kafka-connect-jdbc:[unknown-version]
[FATAL] Non-resolvable parent POM for io.confluent:kafka-connect-jdbc:[unknown-version]: Failure to transfer io.confluent:common:pom:4.1.0-SNAPSHOT from ${confluent.maven.repo} was cached in the local repository, resolution will not be reattempted until the update interval of confluent has elapsed or updates are forced. Original error: Could not transfer artifact io.confluent:common:pom:4.1.0-SNAPSHOT from/to confluent (${confluent.maven.repo}): Cannot access ${confluent.maven.repo} with type default using the available connector factories: AetherRepositoryConnectorFactory, BasicRepositoryConnectorFactory and 'parent.relativePath' points at wrong local POM @ line 23, column 13
 for project io.confluent:kafka-connect-jdbc:[unknown-version] at /home/suraj/Documents/Suraj/kafka-connect-jdbc/pom.xml
org.apache.maven.project.ProjectBuildingException: 1 problem was encountered while building the effective model for io.confluent:kafka-connect-jdbc:[unknown-version]
[FATAL] Non-resolvable parent POM for io.confluent:kafka-connect-jdbc:[unknown-version]: Failure to transfer io.confluent:common:pom:4.1.0-SNAPSHOT from ${confluent.maven.repo} was cached in the local repository, resolution will not be reattempted until the update interval of confluent has elapsed or updates are forced. Original error: Could not transfer artifact io.confluent:common:pom:4.1.0-SNAPSHOT from/to confluent (${confluent.maven.repo}): Cannot access ${confluent.maven.repo} with type default using the available connector factories: AetherRepositoryConnectorFactory, BasicRepositoryConnectorFactory and 'parent.relativePath' points at wrong local POM @ line 23, column 13
 for project io.confluent:kafka-connect-jdbc:[unknown-version] at /home/suraj/Documents/Suraj/kafka-connect-jdbc/pom.xml
	at org.apache.maven.project.DefaultProjectBuilder.build(DefaultProjectBuilder.java:168) ~[maven-core-3.3.9.jar:3.3.9]
	at org.apache.maven.project.DefaultProjectBuilder.build(DefaultProjectBuilder.java:119) ~[maven-core-3.3.9.jar:3.3.9]
	at org.eclipse.m2e.core.internal.embedder.MavenImpl.readMavenProject(MavenImpl.java:636) ~[org.eclipse.m2e.core_1.8.2.20171007-0217.jar:na]
	at org.eclipse.m2e.core.internal.project.registry.ProjectRegistryManager$5.call(ProjectRegistryManager.java:816) ~[org.eclipse.m2e.core_1.8.2.20171007-0217.jar:na]
	at org.eclipse.m2e.core.internal.project.registry.ProjectRegistryManager$5.call(ProjectRegistryManager.java:1) ~[org.eclipse.m2e.core_1.8.2.20171007-0217.jar:na]
	at org.eclipse.m2e.core.internal.embedder.MavenExecutionContext.executeBare(MavenExecutionContext.java:177) ~[org.eclipse.m2e.core_1.8.2.20171007-0217.jar:na]
	at org.eclipse.m2e.core.internal.embedder.MavenExecutionContext.execute(MavenExecutionContext.java:151) ~[org.eclipse.m2e.core_1.8.2.20171007-0217.jar:na]
	at org.eclipse.m2e.core.internal.embedder.MavenExecutionContext.execute(MavenExecutionContext.java:99) ~[org.eclipse.m2e.core_1.8.2.20171007-0217.jar:na]
	at org.eclipse.m2e.core.internal.project.registry.ProjectRegistryManager.execute(ProjectRegistryManager.java:967) ~[org.eclipse.m2e.core_1.8.2.20171007-0217.jar:na]
	at org.eclipse.m2e.core.internal.project.registry.ProjectRegistryManager.readProjectWithDependencies(ProjectRegistryManager.java:811) ~[org.eclipse.m2e.core_1.8.2.20171007-0217.jar:na]
	at org.eclipse.m2e.core.internal.project.registry.ProjectRegistryManager.create(ProjectRegistryManager.java:192) ~[org.eclipse.m2e.core_1.8.2.20171007-0217.jar:na]
	at org.eclipse.m2e.core.internal.project.registry.MavenProjectManager.create(MavenProjectManager.java:80) [org.eclipse.m2e.core_1.8.2.20171007-0217.jar:na]
	at org.eclipse.m2e.core.ui.internal.actions.SelectionUtil.getMavenProject(SelectionUtil.java:259) [org.eclipse.m2e.core.ui_1.8.2.20171007-0217.jar:na]
	at org.eclipse.m2e.editor.pom.MavenPomEditor.readMavenProject(MavenPomEditor.java:742) [org.eclipse.m2e.editor_1.8.2.20171007-0217.jar:na]
	at org.eclipse.m2e.editor.pom.MavenPomEditor$5.run(MavenPomEditor.java:1077) [org.eclipse.m2e.editor_1.8.2.20171007-0217.jar:na]
	at org.eclipse.core.internal.jobs.Worker.run(Worker.java:56) [org.eclipse.core.jobs_3.9.1.v20170714-0547.jar:na]
Caused by: org.apache.maven.model.building.ModelBuildingException: 1 problem was encountered while building the effective model for io.confluent:kafka-connect-jdbc:[unknown-version]
[FATAL] Non-resolvable parent POM for io.confluent:kafka-connect-jdbc:[unknown-version]: Failure to transfer io.confluent:common:pom:4.1.0-SNAPSHOT from ${confluent.maven.repo} was cached in the local repository, resolution will not be reattempted until the update interval of confluent has elapsed or updates are forced. Original error: Could not transfer artifact io.confluent:common:pom:4.1.0-SNAPSHOT from/to confluent (${confluent.maven.repo}): Cannot access ${confluent.maven.repo} with type default using the available connector factories: AetherRepositoryConnectorFactory, BasicRepositoryConnectorFactory and 'parent.relativePath' points at wrong local POM @ line 23, column 13

	at org.apache.maven.model.building.DefaultModelProblemCollector.newModelBuildingException(DefaultModelProblemCollector.java:197) ~[maven-model-builder-3.3.9.jar:3.3.9]
	at org.apache.maven.model.building.DefaultModelBuilder.readParentExternally(DefaultModelBuilder.java:1029) ~[maven-model-builder-3.3.9.jar:3.3.9]
	at org.apache.maven.model.building.DefaultModelBuilder.readParent(DefaultModelBuilder.java:800) ~[maven-model-builder-3.3.9.jar:3.3.9]
	at org.apache.maven.model.building.DefaultModelBuilder.build(DefaultModelBuilder.java:329) ~[maven-model-builder-3.3.9.jar:3.3.9]
	at org.apache.maven.project.DefaultProjectBuilder.build(DefaultProjectBuilder.java:161) ~[maven-core-3.3.9.jar:3.3.9]
	... 15 common frames omitted
2017-12-14 12:27:00,272 [Worker-22] WARN  o.e.m.c.i.embedder.EclipseLogger - Failure to transfer io.confluent:common:4.1.0-SNAPSHOT/maven-metadata.xml from ${confluent.maven.repo} was cached in the local repository, resolution will not be reattempted until the update interval of confluent has elapsed or updates are forced. Original error: Could not transfer metadata io.confluent:common:4.1.0-SNAPSHOT/maven-metadata.xml from/to confluent (${confluent.maven.repo}): Cannot access ${confluent.maven.repo} with type default using the available connector factories: AetherRepositoryConnectorFactory, BasicRepositoryConnectorFactory
2017-12-14 12:27:22,259 [Worker-21] ERROR o.e.m.c.i.p.r.ProjectRegistryManager - Failed to read Maven project: 1 problem was encountered while building the effective model
[FATAL] Non-readable POM /home/suraj/Documents/Suraj/kafka-connect-jdbc/pom.xml: /home/suraj/Documents/Suraj/kafka-connect-jdbc/pom.xml (No such file or directory) @ 
 for project  at /home/suraj/Documents/Suraj/kafka-connect-jdbc/pom.xml
org.apache.maven.project.ProjectBuildingException: 1 problem was encountered while building the effective model
[FATAL] Non-readable POM /home/suraj/Documents/Suraj/kafka-connect-jdbc/pom.xml: /home/suraj/Documents/Suraj/kafka-connect-jdbc/pom.xml (No such file or directory) @ 
 for project  at /home/suraj/Documents/Suraj/kafka-connect-jdbc/pom.xml
	at org.apache.maven.project.DefaultProjectBuilder.build(DefaultProjectBuilder.java:168) ~[maven-core-3.3.9.jar:3.3.9]
	at org.apache.maven.project.DefaultProjectBuilder.build(DefaultProjectBuilder.java:119) ~[maven-core-3.3.9.jar:3.3.9]
	at org.eclipse.m2e.core.internal.embedder.MavenImpl.readMavenProject(MavenImpl.java:636) ~[org.eclipse.m2e.core_1.8.2.20171007-0217.jar:na]
	at org.eclipse.m2e.core.internal.project.registry.ProjectRegistryManager$5.call(ProjectRegistryManager.java:816) ~[org.eclipse.m2e.core_1.8.2.20171007-0217.jar:na]
	at org.eclipse.m2e.core.internal.project.registry.ProjectRegistryManager$5.call(ProjectRegistryManager.java:1) ~[org.eclipse.m2e.core_1.8.2.20171007-0217.jar:na]
	at org.eclipse.m2e.core.internal.embedder.MavenExecutionContext.executeBare(MavenExecutionContext.java:177) ~[org.eclipse.m2e.core_1.8.2.20171007-0217.jar:na]
	at org.eclipse.m2e.core.internal.embedder.MavenExecutionContext.execute(MavenExecutionContext.java:151) ~[org.eclipse.m2e.core_1.8.2.20171007-0217.jar:na]
	at org.eclipse.m2e.core.internal.embedder.MavenExecutionContext.execute(MavenExecutionContext.java:99) ~[org.eclipse.m2e.core_1.8.2.20171007-0217.jar:na]
	at org.eclipse.m2e.core.internal.project.registry.ProjectRegistryManager.execute(ProjectRegistryManager.java:967) ~[org.eclipse.m2e.core_1.8.2.20171007-0217.jar:na]
	at org.eclipse.m2e.core.internal.project.registry.ProjectRegistryManager.readProjectWithDependencies(ProjectRegistryManager.java:811) ~[org.eclipse.m2e.core_1.8.2.20171007-0217.jar:na]
	at org.eclipse.m2e.core.internal.project.registry.ProjectRegistryManager.create(ProjectRegistryManager.java:192) ~[org.eclipse.m2e.core_1.8.2.20171007-0217.jar:na]
	at org.eclipse.m2e.core.internal.project.registry.MavenProjectManager.create(MavenProjectManager.java:80) [org.eclipse.m2e.core_1.8.2.20171007-0217.jar:na]
	at org.eclipse.m2e.core.ui.internal.actions.SelectionUtil.getMavenProject(SelectionUtil.java:259) [org.eclipse.m2e.core.ui_1.8.2.20171007-0217.jar:na]
	at org.eclipse.m2e.editor.pom.MavenPomEditor.readMavenProject(MavenPomEditor.java:742) [org.eclipse.m2e.editor_1.8.2.20171007-0217.jar:na]
	at org.eclipse.m2e.editor.pom.MavenPomEditor$5.run(MavenPomEditor.java:1077) [org.eclipse.m2e.editor_1.8.2.20171007-0217.jar:na]
	at org.eclipse.core.internal.jobs.Worker.run(Worker.java:56) [org.eclipse.core.jobs_3.9.1.v20170714-0547.jar:na]
Caused by: org.apache.maven.model.building.ModelBuildingException: 1 problem was encountered while building the effective model
[FATAL] Non-readable POM /home/suraj/Documents/Suraj/kafka-connect-jdbc/pom.xml: /home/suraj/Documents/Suraj/kafka-connect-jdbc/pom.xml (No such file or directory) @ 

	at org.apache.maven.model.building.DefaultModelProblemCollector.newModelBuildingException(DefaultModelProblemCollector.java:197) ~[maven-model-builder-3.3.9.jar:3.3.9]
	at org.apache.maven.model.building.DefaultModelBuilder.readModel(DefaultModelBuilder.java:598) ~[maven-model-builder-3.3.9.jar:3.3.9]
	at org.apache.maven.model.building.DefaultModelBuilder.build(DefaultModelBuilder.java:273) ~[maven-model-builder-3.3.9.jar:3.3.9]
	at org.apache.maven.project.DefaultProjectBuilder.build(DefaultProjectBuilder.java:161) ~[maven-core-3.3.9.jar:3.3.9]
	... 15 common frames omitted
2017-12-14 12:27:58,307 [main] INFO  o.e.m2e.actions.ExecutePomAction - Creating new launch configuration
2017-12-14 12:28:04,119 [Worker-21] INFO  o.e.m.i.launch.MavenLaunchDelegate - /home/suraj/Documents/Suraj/kafka-connect-jdbc
2017-12-14 12:28:04,120 [Worker-21] INFO  o.e.m.i.launch.MavenLaunchDelegate -  mvn -B clean
2017-12-14 12:34:48,965 [Worker-23] WARN  o.e.m.c.i.embedder.EclipseLogger - Failure to transfer io.confluent:common:4.1.0-SNAPSHOT/maven-metadata.xml from ${confluent.maven.repo} was cached in the local repository, resolution will not be reattempted until the update interval of confluent has elapsed or updates are forced. Original error: Could not transfer metadata io.confluent:common:4.1.0-SNAPSHOT/maven-metadata.xml from/to confluent (${confluent.maven.repo}): Cannot access ${confluent.maven.repo} with type default using the available connector factories: AetherRepositoryConnectorFactory, BasicRepositoryConnectorFactory
2017-12-14 12:34:49,064 [Worker-23] INFO  o.e.m.c.i.p.ProjectConfigurationManager - Imported and configured 1 project(s) in 0 sec
2017-12-14 12:34:49,327 [Worker-22] WARN  o.e.m.c.i.embedder.EclipseLogger - Failure to transfer io.confluent:common:4.1.0-SNAPSHOT/maven-metadata.xml from ${confluent.maven.repo} was cached in the local repository, resolution will not be reattempted until the update interval of confluent has elapsed or updates are forced. Original error: Could not transfer metadata io.confluent:common:4.1.0-SNAPSHOT/maven-metadata.xml from/to confluent (${confluent.maven.repo}): Cannot access ${confluent.maven.repo} with type default using the available connector factories: AetherRepositoryConnectorFactory, BasicRepositoryConnectorFactory
2017-12-14 12:34:53,425 [Worker-24] WARN  o.e.m.c.i.embedder.EclipseLogger - Failure to transfer io.confluent:common:4.1.0-SNAPSHOT/maven-metadata.xml from ${confluent.maven.repo} was cached in the local repository, resolution will not be reattempted until the update interval of confluent has elapsed or updates are forced. Original error: Could not transfer metadata io.confluent:common:4.1.0-SNAPSHOT/maven-metadata.xml from/to confluent (${confluent.maven.repo}): Cannot access ${confluent.maven.repo} with type default using the available connector factories: AetherRepositoryConnectorFactory, BasicRepositoryConnectorFactory
2017-12-14 12:34:53,427 [Worker-24] ERROR o.e.m.c.i.p.r.ProjectRegistryManager - Failed to read Maven project: 1 problem was encountered while building the effective model for io.confluent:kafka-connect-jdbc:[unknown-version]
[FATAL] Non-resolvable parent POM for io.confluent:kafka-connect-jdbc:[unknown-version]: Failure to transfer io.confluent:common:pom:4.1.0-SNAPSHOT from ${confluent.maven.repo} was cached in the local repository, resolution will not be reattempted until the update interval of confluent has elapsed or updates are forced. Original error: Could not transfer artifact io.confluent:common:pom:4.1.0-SNAPSHOT from/to confluent (${confluent.maven.repo}): Cannot access ${confluent.maven.repo} with type default using the available connector factories: AetherRepositoryConnectorFactory, BasicRepositoryConnectorFactory and 'parent.relativePath' points at wrong local POM @ line 23, column 13
 for project io.confluent:kafka-connect-jdbc:[unknown-version] at /home/suraj/Documents/Suraj/kafka-connect-jdbc/pom.xml
org.apache.maven.project.ProjectBuildingException: 1 problem was encountered while building the effective model for io.confluent:kafka-connect-jdbc:[unknown-version]
[FATAL] Non-resolvable parent POM for io.confluent:kafka-connect-jdbc:[unknown-version]: Failure to transfer io.confluent:common:pom:4.1.0-SNAPSHOT from ${confluent.maven.repo} was cached in the local repository, resolution will not be reattempted until the update interval of confluent has elapsed or updates are forced. Original error: Could not transfer artifact io.confluent:common:pom:4.1.0-SNAPSHOT from/to confluent (${confluent.maven.repo}): Cannot access ${confluent.maven.repo} with type default using the available connector factories: AetherRepositoryConnectorFactory, BasicRepositoryConnectorFactory and 'parent.relativePath' points at wrong local POM @ line 23, column 13
 for project io.confluent:kafka-connect-jdbc:[unknown-version] at /home/suraj/Documents/Suraj/kafka-connect-jdbc/pom.xml
	at org.apache.maven.project.DefaultProjectBuilder.build(DefaultProjectBuilder.java:168) ~[maven-core-3.3.9.jar:3.3.9]
	at org.apache.maven.project.DefaultProjectBuilder.build(DefaultProjectBuilder.java:119) ~[maven-core-3.3.9.jar:3.3.9]
	at org.eclipse.m2e.core.internal.embedder.MavenImpl.readMavenProject(MavenImpl.java:636) ~[org.eclipse.m2e.core_1.8.2.20171007-0217.jar:na]
	at org.eclipse.m2e.core.internal.project.registry.ProjectRegistryManager$5.call(ProjectRegistryManager.java:816) ~[org.eclipse.m2e.core_1.8.2.20171007-0217.jar:na]
	at org.eclipse.m2e.core.internal.project.registry.ProjectRegistryManager$5.call(ProjectRegistryManager.java:1) ~[org.eclipse.m2e.core_1.8.2.20171007-0217.jar:na]
	at org.eclipse.m2e.core.internal.embedder.MavenExecutionContext.executeBare(MavenExecutionContext.java:177) ~[org.eclipse.m2e.core_1.8.2.20171007-0217.jar:na]
	at org.eclipse.m2e.core.internal.embedder.MavenExecutionContext.execute(MavenExecutionContext.java:151) ~[org.eclipse.m2e.core_1.8.2.20171007-0217.jar:na]
	at org.eclipse.m2e.core.internal.embedder.MavenExecutionContext.execute(MavenExecutionContext.java:99) ~[org.eclipse.m2e.core_1.8.2.20171007-0217.jar:na]
	at org.eclipse.m2e.core.internal.project.registry.ProjectRegistryManager.execute(ProjectRegistryManager.java:967) ~[org.eclipse.m2e.core_1.8.2.20171007-0217.jar:na]
	at org.eclipse.m2e.core.internal.project.registry.ProjectRegistryManager.readProjectWithDependencies(ProjectRegistryManager.java:811) ~[org.eclipse.m2e.core_1.8.2.20171007-0217.jar:na]
	at org.eclipse.m2e.core.internal.project.registry.ProjectRegistryManager.create(ProjectRegistryManager.java:192) ~[org.eclipse.m2e.core_1.8.2.20171007-0217.jar:na]
	at org.eclipse.m2e.core.internal.project.registry.MavenProjectManager.create(MavenProjectManager.java:80) [org.eclipse.m2e.core_1.8.2.20171007-0217.jar:na]
	at org.eclipse.m2e.core.ui.internal.actions.SelectionUtil.getMavenProject(SelectionUtil.java:259) [org.eclipse.m2e.core.ui_1.8.2.20171007-0217.jar:na]
	at org.eclipse.m2e.editor.pom.MavenPomEditor.readMavenProject(MavenPomEditor.java:742) [org.eclipse.m2e.editor_1.8.2.20171007-0217.jar:na]
	at org.eclipse.m2e.editor.pom.MavenPomEditor$5.run(MavenPomEditor.java:1077) [org.eclipse.m2e.editor_1.8.2.20171007-0217.jar:na]
	at org.eclipse.core.internal.jobs.Worker.run(Worker.java:56) [org.eclipse.core.jobs_3.9.1.v20170714-0547.jar:na]
Caused by: org.apache.maven.model.building.ModelBuildingException: 1 problem was encountered while building the effective model for io.confluent:kafka-connect-jdbc:[unknown-version]
[FATAL] Non-resolvable parent POM for io.confluent:kafka-connect-jdbc:[unknown-version]: Failure to transfer io.confluent:common:pom:4.1.0-SNAPSHOT from ${confluent.maven.repo} was cached in the local repository, resolution will not be reattempted until the update interval of confluent has elapsed or updates are forced. Original error: Could not transfer artifact io.confluent:common:pom:4.1.0-SNAPSHOT from/to confluent (${confluent.maven.repo}): Cannot access ${confluent.maven.repo} with type default using the available connector factories: AetherRepositoryConnectorFactory, BasicRepositoryConnectorFactory and 'parent.relativePath' points at wrong local POM @ line 23, column 13

	at org.apache.maven.model.building.DefaultModelProblemCollector.newModelBuildingException(DefaultModelProblemCollector.java:197) ~[maven-model-builder-3.3.9.jar:3.3.9]
	at org.apache.maven.model.building.DefaultModelBuilder.readParentExternally(DefaultModelBuilder.java:1029) ~[maven-model-builder-3.3.9.jar:3.3.9]
	at org.apache.maven.model.building.DefaultModelBuilder.readParent(DefaultModelBuilder.java:800) ~[maven-model-builder-3.3.9.jar:3.3.9]
	at org.apache.maven.model.building.DefaultModelBuilder.build(DefaultModelBuilder.java:329) ~[maven-model-builder-3.3.9.jar:3.3.9]
	at org.apache.maven.project.DefaultProjectBuilder.build(DefaultProjectBuilder.java:161) ~[maven-core-3.3.9.jar:3.3.9]
	... 15 common frames omitted
2017-12-14 12:35:06,149 [Worker-29] WARN  o.e.m.c.i.embedder.EclipseLogger - Failure to transfer io.confluent:common:4.1.0-SNAPSHOT/maven-metadata.xml from ${confluent.maven.repo} was cached in the local repository, resolution will not be reattempted until the update interval of confluent has elapsed or updates are forced. Original error: Could not transfer metadata io.confluent:common:4.1.0-SNAPSHOT/maven-metadata.xml from/to confluent (${confluent.maven.repo}): Cannot access ${confluent.maven.repo} with type default using the available connector factories: AetherRepositoryConnectorFactory, BasicRepositoryConnectorFactory
2017-12-14 12:35:06,151 [Worker-29] ERROR o.e.m.c.i.p.r.ProjectRegistryManager - Failed to read Maven project: 1 problem was encountered while building the effective model for io.confluent:kafka-connect-jdbc:[unknown-version]
[FATAL] Non-resolvable parent POM for io.confluent:kafka-connect-jdbc:[unknown-version]: Failure to transfer io.confluent:common:pom:4.1.0-SNAPSHOT from ${confluent.maven.repo} was cached in the local repository, resolution will not be reattempted until the update interval of confluent has elapsed or updates are forced. Original error: Could not transfer artifact io.confluent:common:pom:4.1.0-SNAPSHOT from/to confluent (${confluent.maven.repo}): Cannot access ${confluent.maven.repo} with type default using the available connector factories: AetherRepositoryConnectorFactory, BasicRepositoryConnectorFactory and 'parent.relativePath' points at wrong local POM @ line 23, column 13
 for project io.confluent:kafka-connect-jdbc:[unknown-version] at /home/suraj/Documents/Suraj/kafka-connect-jdbc/pom.xml
org.apache.maven.project.ProjectBuildingException: 1 problem was encountered while building the effective model for io.confluent:kafka-connect-jdbc:[unknown-version]
[FATAL] Non-resolvable parent POM for io.confluent:kafka-connect-jdbc:[unknown-version]: Failure to transfer io.confluent:common:pom:4.1.0-SNAPSHOT from ${confluent.maven.repo} was cached in the local repository, resolution will not be reattempted until the update interval of confluent has elapsed or updates are forced. Original error: Could not transfer artifact io.confluent:common:pom:4.1.0-SNAPSHOT from/to confluent (${confluent.maven.repo}): Cannot access ${confluent.maven.repo} with type default using the available connector factories: AetherRepositoryConnectorFactory, BasicRepositoryConnectorFactory and 'parent.relativePath' points at wrong local POM @ line 23, column 13
 for project io.confluent:kafka-connect-jdbc:[unknown-version] at /home/suraj/Documents/Suraj/kafka-connect-jdbc/pom.xml
	at org.apache.maven.project.DefaultProjectBuilder.build(DefaultProjectBuilder.java:168) ~[maven-core-3.3.9.jar:3.3.9]
	at org.apache.maven.project.DefaultProjectBuilder.build(DefaultProjectBuilder.java:119) ~[maven-core-3.3.9.jar:3.3.9]
	at org.eclipse.m2e.core.internal.embedder.MavenImpl.readMavenProject(MavenImpl.java:636) ~[org.eclipse.m2e.core_1.8.2.20171007-0217.jar:na]
	at org.eclipse.m2e.core.internal.project.registry.ProjectRegistryManager$5.call(ProjectRegistryManager.java:816) ~[org.eclipse.m2e.core_1.8.2.20171007-0217.jar:na]
	at org.eclipse.m2e.core.internal.project.registry.ProjectRegistryManager$5.call(ProjectRegistryManager.java:1) ~[org.eclipse.m2e.core_1.8.2.20171007-0217.jar:na]
	at org.eclipse.m2e.core.internal.embedder.MavenExecutionContext.executeBare(MavenExecutionContext.java:177) ~[org.eclipse.m2e.core_1.8.2.20171007-0217.jar:na]
	at org.eclipse.m2e.core.internal.embedder.MavenExecutionContext.execute(MavenExecutionContext.java:151) ~[org.eclipse.m2e.core_1.8.2.20171007-0217.jar:na]
	at org.eclipse.m2e.core.internal.embedder.MavenExecutionContext.execute(MavenExecutionContext.java:99) ~[org.eclipse.m2e.core_1.8.2.20171007-0217.jar:na]
	at org.eclipse.m2e.core.internal.project.registry.ProjectRegistryManager.execute(ProjectRegistryManager.java:967) ~[org.eclipse.m2e.core_1.8.2.20171007-0217.jar:na]
	at org.eclipse.m2e.core.internal.project.registry.ProjectRegistryManager.readProjectWithDependencies(ProjectRegistryManager.java:811) ~[org.eclipse.m2e.core_1.8.2.20171007-0217.jar:na]
	at org.eclipse.m2e.core.internal.project.registry.ProjectRegistryManager.create(ProjectRegistryManager.java:192) ~[org.eclipse.m2e.core_1.8.2.20171007-0217.jar:na]
	at org.eclipse.m2e.core.internal.project.registry.MavenProjectManager.create(MavenProjectManager.java:80) [org.eclipse.m2e.core_1.8.2.20171007-0217.jar:na]
	at org.eclipse.m2e.core.ui.internal.actions.SelectionUtil.getMavenProject(SelectionUtil.java:259) [org.eclipse.m2e.core.ui_1.8.2.20171007-0217.jar:na]
	at org.eclipse.m2e.editor.pom.MavenPomEditor$LoadEffectivePomJob.run(MavenPomEditor.java:473) [org.eclipse.m2e.editor_1.8.2.20171007-0217.jar:na]
	at org.eclipse.core.internal.jobs.Worker.run(Worker.java:56) [org.eclipse.core.jobs_3.9.1.v20170714-0547.jar:na]
Caused by: org.apache.maven.model.building.ModelBuildingException: 1 problem was encountered while building the effective model for io.confluent:kafka-connect-jdbc:[unknown-version]
[FATAL] Non-resolvable parent POM for io.confluent:kafka-connect-jdbc:[unknown-version]: Failure to transfer io.confluent:common:pom:4.1.0-SNAPSHOT from ${confluent.maven.repo} was cached in the local repository, resolution will not be reattempted until the update interval of confluent has elapsed or updates are forced. Original error: Could not transfer artifact io.confluent:common:pom:4.1.0-SNAPSHOT from/to confluent (${confluent.maven.repo}): Cannot access ${confluent.maven.repo} with type default using the available connector factories: AetherRepositoryConnectorFactory, BasicRepositoryConnectorFactory and 'parent.relativePath' points at wrong local POM @ line 23, column 13

	at org.apache.maven.model.building.DefaultModelProblemCollector.newModelBuildingException(DefaultModelProblemCollector.java:197) ~[maven-model-builder-3.3.9.jar:3.3.9]
	at org.apache.maven.model.building.DefaultModelBuilder.readParentExternally(DefaultModelBuilder.java:1029) ~[maven-model-builder-3.3.9.jar:3.3.9]
	at org.apache.maven.model.building.DefaultModelBuilder.readParent(DefaultModelBuilder.java:800) ~[maven-model-builder-3.3.9.jar:3.3.9]
	at org.apache.maven.model.building.DefaultModelBuilder.build(DefaultModelBuilder.java:329) ~[maven-model-builder-3.3.9.jar:3.3.9]
	at org.apache.maven.project.DefaultProjectBuilder.build(DefaultProjectBuilder.java:161) ~[maven-core-3.3.9.jar:3.3.9]
	... 14 common frames omitted
2017-12-14 19:16:15,579 [Worker-7] INFO  c.g.t.t.d.PublishedGradleVersions - Gradle version information cache is out-of-date. Trying to update.
2017-12-14 19:16:17,520 [Worker-23] WARN  o.e.m.c.i.embedder.EclipseLogger - Failure to transfer io.confluent:common:4.1.0-SNAPSHOT/maven-metadata.xml from ${confluent.maven.repo} was cached in the local repository, resolution will not be reattempted until the update interval of confluent has elapsed or updates are forced. Original error: Could not transfer metadata io.confluent:common:4.1.0-SNAPSHOT/maven-metadata.xml from/to confluent (${confluent.maven.repo}): Cannot access ${confluent.maven.repo} with type default using the available connector factories: AetherRepositoryConnectorFactory, BasicRepositoryConnectorFactory
